TARGET-40-0A4HY5-01A-01D_genomic.bam: OK
TARGET-40-0A4HY5-10A-01D_genomic.bam: OK
TARGET-40-0A4I3S-01A-01D_genomic.bam: OK
TARGET-40-0A4I3S-10A-01D_genomic.bam: OK
TARGET-40-0A4I42-01A-01D_genomic.bam: OK
TARGET-40-0A4I42-10A-01D_genomic.bam: OK
TARGET-40-0A4I8U-01A-01D_genomic.bam: OK
TARGET-40-0A4I8U-10A-01D_genomic.bam: OK
TARGET-40-PAKUZU-01A-01D_genomic.bam: OK
TARGET-40-PAKUZU-10A-01D_genomic.bam: OK
TARGET-40-PALECC-01A-01D_genomic.bam: OK
TARGET-40-PALECC-10A-01D_genomic.bam: OK
TARGET-40-PALKGN-01A-01D_genomic.bam: OK
TARGET-40-PALKGN-10A-01D_genomic.bam: OK
TARGET-40-PAMHYN-01A-01D_genomic.bam: OK
TARGET-40-PAMHYN-10A-01D_genomic.bam: OK
TARGET-40-PAMLKS-01A-01D_genomic.bam: OK
TARGET-40-PAMLKS-10A-01D_genomic.bam: OK
TARGET-40-PAMRHD-01A-01D_genomic.bam: OK
TARGET-40-PAMRHD-10A-01D_genomic.bam: OK
TARGET-40-PAMYYJ-01A-01D_genomic.bam: OK
TARGET-40-PAMYYJ-10A-01D_genomic.bam: OK
TARGET-40-PANSEN-01A-01D_genomic.bam: OK
TARGET-40-PANSEN-10A-01D_genomic.bam: OK
TARGET-40-PANZHX-01A-01D_genomic.bam: OK
TARGET-40-PANZHX-10A-01D_genomic.bam: OK
TARGET-40-PANZZJ-01A-01D_genomic.bam: OK
TARGET-40-PANZZJ-10A-01D_genomic.bam: OK
TARGET-40-PAPIJR-01A-01D_genomic.bam: OK
TARGET-40-PAPIJR-10A-01D_genomic.bam: OK
TARGET-40-PAPVYW-01A-01D_genomic.bam: OK
TARGET-40-PAPVYW-10A-01D_genomic.bam: OK
TARGET-40-PARFTG-01A-01D_genomic.bam: OK
TARGET-40-PARFTG-10A-01D_genomic.bam: OK
TARGET-40-PASEBY-01A-01D_genomic.bam: OK
TARGET-40-PASEBY-10A-01D_genomic.bam: OK
TARGET-40-PASEFS-01A-01D_genomic.bam: OK
TARGET-40-PASEFS-10A-01D_genomic.bam: OK
TARGET-40-PASKZZ-01A-01D_genomic.bam: OK
TARGET-40-PASKZZ-10A-01D_genomic.bam: OK
TARGET-40-PASSLM-01A-01D_genomic.bam: OK
TARGET-40-PASSLM-10A-01D_genomic.bam: OK
TARGET-40-PASUUH-01A-01D_genomic.bam: OK
TARGET-40-PASUUH-10A-01D_genomic.bam: OK
TARGET-40-PASYUK-01A-01D_genomic.bam: OK
TARGET-40-PASYUK-10A-01D_genomic.bam: OK
TARGET-40-PATAWV-01A-01D_genomic.bam: OK
TARGET-40-PATAWV-10A-01D_genomic.bam: OK
